<?xml version="1.0" encoding="UTF-8"?>
<!-- Generated by org.testng.reporters.JUnitReportReporter -->
<testsuite hostname="USER-20150602CO" name="boc.api.test.AutoInvest_SignInfoService" tests="2" failures="0" timestamp="1 Jul 2016 08:29:20 GMT" time="1.668" errors="1">
  <testcase name="autoInvestSignInfoService" time="1.285" classname="boc.api.test.AutoInvest_SignInfoService"/>
  <testcase name="autoInvestSignInfoService" time="0.383" classname="boc.api.test.AutoInvest_SignInfoService">
    <error type="net.sf.json.JSONException" message="A JSONObject text must begin with &#039;{&#039; at character 1 of 请求银行数据异常">
      <![CDATA[net.sf.json.JSONException: A JSONObject text must begin with '{' at character 1 of 请求银行数据异常
	at net.sf.json.util.JSONTokener.syntaxError(JSONTokener.java:527)
	at net.sf.json.JSONObject._fromJSONTokener(JSONObject.java:918)
	at net.sf.json.JSONObject._fromString(JSONObject.java:1143)
	at net.sf.json.JSONObject.fromObject(JSONObject.java:175)
	at net.sf.json.JSONObject.fromObject(JSONObject.java:149)
	at boc.api.test.AutoInvest_SignInfoService.autoInvestSignInfoService(AutoInvest_SignInfoService.java:32)
	at sun.reflect.NativeMethodAccessorImpl.invoke0(Native Method)
	at sun.reflect.NativeMethodAccessorImpl.invoke(Unknown Source)
	at sun.reflect.DelegatingMethodAccessorImpl.invoke(Unknown Source)
	at java.lang.reflect.Method.invoke(Unknown Source)
	at org.testng.internal.MethodInvocationHelper.invokeMethod(MethodInvocationHelper.java:86)
	at org.testng.internal.Invoker.invokeMethod(Invoker.java:646)
	at org.testng.internal.Invoker.invokeTestMethod(Invoker.java:823)
	at org.testng.internal.Invoker.invokeTestMethods(Invoker.java:1131)
	at org.testng.internal.TestMethodWorker.invokeTestMethods(TestMethodWorker.java:129)
	at org.testng.internal.TestMethodWorker.run(TestMethodWorker.java:112)
	at org.testng.TestRunner.privateRun(TestRunner.java:778)
	at org.testng.TestRunner.run(TestRunner.java:632)
	at org.testng.SuiteRunner.runTest(SuiteRunner.java:366)
	at org.testng.SuiteRunner.runSequentially(SuiteRunner.java:361)
	at org.testng.SuiteRunner.privateRun(SuiteRunner.java:319)
	at org.testng.SuiteRunner.run(SuiteRunner.java:268)
	at org.testng.SuiteRunnerWorker.runSuite(SuiteRunnerWorker.java:52)
	at org.testng.SuiteRunnerWorker.run(SuiteRunnerWorker.java:86)
	at org.testng.TestNG.runSuitesSequentially(TestNG.java:1225)
	at org.testng.TestNG.runSuitesLocally(TestNG.java:1150)
	at org.testng.TestNG.runSuites(TestNG.java:1075)
	at org.testng.TestNG.run(TestNG.java:1047)
	at org.testng.remote.AbstractRemoteTestNG.run(AbstractRemoteTestNG.java:126)
	at org.testng.remote.RemoteTestNG.initAndRun(RemoteTestNG.java:137)
	at org.testng.remote.RemoteTestNG.main(RemoteTestNG.java:58)
]]>
    </error>
  </testcase> <!-- autoInvestSignInfoService -->
</testsuite> <!-- boc.api.test.AutoInvest_SignInfoService -->
